# JRE version: Java(TM) SE Runtime Environment (8.0_191-b12) (build 1.8.0_191-b12)
# Java VM: Java HotSpot(TM) 64-Bit Server VM (25.191-b12 mixed mode windows-amd64 compressed oops)
Heap:
 PSYoungGen      total 50176K, used 13927K [0x00000000f2180000, 0x00000000f5780000, 0x0000000100000000)
  eden space 45056K, 24% used [0x00000000f2180000,0x00000000f2c25e00,0x00000000f4d80000)
  from space 5120K, 59% used [0x00000000f5280000,0x00000000f5574010,0x00000000f5780000)
  to   space 5120K, 0% used [0x00000000f4d80000,0x00000000f4d80000,0x00000000f5280000)
 ParOldGen       total 28672K, used 7935K [0x00000000d6400000, 0x00000000d8000000, 0x00000000f2180000)
  object space 28672K, 27% used [0x00000000d6400000,0x00000000d6bbfdc0,0x00000000d8000000)
 Metaspace       used 13175K, capacity 13514K, committed 13824K, reserved 1060864K
  class space    used 1602K, capacity 1687K, committed 1792K, reserved 1048576K
GC Heap History (10 events):
Event: 4.800 GC heap before
{Heap before GC invocations=2 (full 0):
 PSYoungGen      total 12800K, used 12785K [0x00000000f2180000, 0x00000000f2f80000, 0x0000000100000000)
  eden space 11264K, 100% used [0x00000000f2180000,0x00000000f2c80000,0x00000000f2c80000)
  from space 1536K, 99% used [0x00000000f2c80000,0x00000000f2dfc618,0x00000000f2e00000)
  to   space 1536K, 0% used [0x00000000f2e00000,0x00000000f2e00000,0x00000000f2f80000)
 ParOldGen       total 28672K, used 997K [0x00000000d6400000, 0x00000000d8000000, 0x00000000f2180000)
  object space 28672K, 3% used [0x00000000d6400000,0x00000000d64f9508,0x00000000d8000000)
 Metaspace       used 6825K, capacity 7048K, committed 7168K, reserved 1056768K
  class space    used 846K, capacity 924K, committed 1024K, reserved 1048576K
Event: 4.826 GC heap after
Heap after GC invocations=2 (full 0):
 PSYoungGen      total 12800K, used 1520K [0x00000000f2180000, 0x00000000f3a80000, 0x0000000100000000)
  eden space 11264K, 0% used [0x00000000f2180000,0x00000000f2180000,0x00000000f2c80000)
  from space 1536K, 98% used [0x00000000f2e00000,0x00000000f2f7c010,0x00000000f2f80000)
  to   space 1536K, 0% used [0x00000000f2c80000,0x00000000f2c80000,0x00000000f2e00000)
 ParOldGen       total 28672K, used 1473K [0x00000000d6400000, 0x00000000d8000000, 0x00000000f2180000)
  object space 28672K, 5% used [0x00000000d6400000,0x00000000d65706e8,0x00000000d8000000)
 Metaspace       used 6825K, capacity 7048K, committed 7168K, reserved 1056768K
  class space    used 846K, capacity 924K, committed 1024K, reserved 1048576K
}
Event: 5.560 GC heap before
{Heap before GC invocations=3 (full 0):
 PSYoungGen      total 12800K, used 12784K [0x00000000f2180000, 0x00000000f3a80000, 0x0000000100000000)
  eden space 11264K, 100% used [0x00000000f2180000,0x00000000f2c80000,0x00000000f2c80000)
  from space 1536K, 98% used [0x00000000f2e00000,0x00000000f2f7c010,0x00000000f2f80000)
  to   space 1536K, 0% used [0x00000000f2c80000,0x00000000f2c80000,0x00000000f2e00000)
 ParOldGen       total 28672K, used 1473K [0x00000000d6400000, 0x00000000d8000000, 0x00000000f2180000)
  object space 28672K, 5% used [0x00000000d6400000,0x00000000d65706e8,0x00000000d8000000)
 Metaspace       used 7744K, capacity 7956K, committed 8064K, reserved 1056768K
  class space    used 985K, capacity 1054K, committed 1152K, reserved 1048576K
Event: 5.576 GC heap after
Heap after GC invocations=3 (full 0):
 PSYoungGen      total 12800K, used 1536K [0x00000000f2180000, 0x00000000f3a80000, 0x0000000100000000)
  eden space 11264K, 0% used [0x00000000f2180000,0x00000000f2180000,0x00000000f2c80000)
  from space 1536K, 100% used [0x00000000f2c80000,0x00000000f2e00000,0x00000000f2e00000)
  to   space 1536K, 0% used [0x00000000f3900000,0x00000000f3900000,0x00000000f3a80000)
 ParOldGen       total 28672K, used 2570K [0x00000000d6400000, 0x00000000d8000000, 0x00000000f2180000)
  object space 28672K, 8% used [0x00000000d6400000,0x00000000d6682a60,0x00000000d8000000)
 Metaspace       used 7744K, capacity 7956K, committed 8064K, reserved 1056768K
  class space    used 985K, capacity 1054K, committed 1152K, reserved 1048576K
}
Event: 6.773 GC heap before
{Heap before GC invocations=4 (full 0):
 PSYoungGen      total 12800K, used 12800K [0x00000000f2180000, 0x00000000f3a80000, 0x0000000100000000)
  eden space 11264K, 100% used [0x00000000f2180000,0x00000000f2c80000,0x00000000f2c80000)
  from space 1536K, 100% used [0x00000000f2c80000,0x00000000f2e00000,0x00000000f2e00000)
  to   space 1536K, 0% used [0x00000000f3900000,0x00000000f3900000,0x00000000f3a80000)
 ParOldGen       total 28672K, used 2570K [0x00000000d6400000, 0x00000000d8000000, 0x00000000f2180000)
  object space 28672K, 8% used [0x00000000d6400000,0x00000000d6682a60,0x00000000d8000000)
 Metaspace       used 9266K, capacity 9448K, committed 9728K, reserved 1058816K
  class space    used 1193K, capacity 1249K, committed 1280K, reserved 1048576K
Event: 6.789 GC heap after
Heap after GC invocations=4 (full 0):
 PSYoungGen      total 24064K, used 1536K [0x00000000f2180000, 0x00000000f3a80000, 0x0000000100000000)
  eden space 22528K, 0% used [0x00000000f2180000,0x00000000f2180000,0x00000000f3780000)
  from space 1536K, 100% used [0x00000000f3900000,0x00000000f3a80000,0x00000000f3a80000)
  to   space 1536K, 0% used [0x00000000f3780000,0x00000000f3780000,0x00000000f3900000)
 ParOldGen       total 28672K, used 4259K [0x00000000d6400000, 0x00000000d8000000, 0x00000000f2180000)
  object space 28672K, 14% used [0x00000000d6400000,0x00000000d6828c00,0x00000000d8000000)
 Metaspace       used 9266K, capacity 9448K, committed 9728K, reserved 1058816K
  class space    used 1193K, capacity 1249K, committed 1280K, reserved 1048576K
}
Event: 9.484 GC heap before
{Heap before GC invocations=5 (full 0):
 PSYoungGen      total 24064K, used 24064K [0x00000000f2180000, 0x00000000f3a80000, 0x0000000100000000)
  eden space 22528K, 100% used [0x00000000f2180000,0x00000000f3780000,0x00000000f3780000)
  from space 1536K, 100% used [0x00000000f3900000,0x00000000f3a80000,0x00000000f3a80000)
  to   space 1536K, 0% used [0x00000000f3780000,0x00000000f3780000,0x00000000f3900000)
 ParOldGen       total 28672K, used 4259K [0x00000000d6400000, 0x00000000d8000000, 0x00000000f2180000)
  object space 28672K, 14% used [0x00000000d6400000,0x00000000d6828c00,0x00000000d8000000)
 Metaspace       used 12198K, capacity 12486K, committed 12672K, reserved 1060864K
  class space    used 1502K, capacity 1581K, committed 1664K, reserved 1048576K
Event: 9.506 GC heap after
Heap after GC invocations=5 (full 0):
 PSYoungGen      total 24064K, used 1520K [0x00000000f2180000, 0x00000000f5780000, 0x0000000100000000)
  eden space 22528K, 0% used [0x00000000f2180000,0x00000000f2180000,0x00000000f3780000)
  from space 1536K, 98% used [0x00000000f3780000,0x00000000f38fc010,0x00000000f3900000)
  to   space 5120K, 0% used [0x00000000f5280000,0x00000000f5280000,0x00000000f5780000)
 ParOldGen       total 28672K, used 7935K [0x00000000d6400000, 0x00000000d8000000, 0x00000000f2180000)
  object space 28672K, 27% used [0x00000000d6400000,0x00000000d6bbfdc0,0x00000000d8000000)
 Metaspace       used 12198K, capacity 12486K, committed 12672K, reserved 1060864K
  class space    used 1502K, capacity 1581K, committed 1664K, reserved 1048576K
}
Event: 10.882 GC heap before
{Heap before GC invocations=6 (full 0):
 PSYoungGen      total 24064K, used 24048K [0x00000000f2180000, 0x00000000f5780000, 0x0000000100000000)
  eden space 22528K, 100% used [0x00000000f2180000,0x00000000f3780000,0x00000000f3780000)
  from space 1536K, 98% used [0x00000000f3780000,0x00000000f38fc010,0x00000000f3900000)
  to   space 5120K, 0% used [0x00000000f5280000,0x00000000f5280000,0x00000000f5780000)
 ParOldGen       total 28672K, used 7935K [0x00000000d6400000, 0x00000000d8000000, 0x00000000f2180000)
  object space 28672K, 27% used [0x00000000d6400000,0x00000000d6bbfdc0,0x00000000d8000000)
 Metaspace       used 12673K, capacity 12978K, committed 13184K, reserved 1060864K
  class space    used 1536K, capacity 1615K, committed 1664K, reserved 1048576K
Event: 11.041 GC heap after
Heap after GC invocations=6 (full 0):
 PSYoungGen      total 50176K, used 3024K [0x00000000f2180000, 0x00000000f5780000, 0x0000000100000000)
  eden space 45056K, 0% used [0x00000000f2180000,0x00000000f2180000,0x00000000f4d80000)
  from space 5120K, 59% used [0x00000000f5280000,0x00000000f5574010,0x00000000f5780000)
  to   space 5120K, 0% used [0x00000000f4d80000,0x00000000f4d80000,0x00000000f5280000)
 ParOldGen       total 28672K, used 7935K [0x00000000d6400000, 0x00000000d8000000, 0x00000000f2180000)
  object space 28672K, 27% used [0x00000000d6400000,0x00000000d6bbfdc0,0x00000000d8000000)
 Metaspace       used 12673K, capacity 12978K, committed 13184K, reserved 1060864K
  class space    used 1536K, capacity 1615K, committed 1664K, reserved 1048576K
}

